yarn run v1.22.22
$ tsc --noEmit
src/features/addon/hooks/useAddons.ts(4,32): error TS2307: Cannot find module '@/store/hooks' or its corresponding type declarations.
src/features/addon/hooks/useAddons.ts(5,29): error TS2307: Cannot find module '@/store/slices/notificationSlice' or its corresponding type declarations.
src/features/agent/state/api.ts(1,25): error TS2307: Cannot find module '@/store/api/baseApi' or its corresponding type declarations.
src/features/agent/state/api.ts(6,15): error TS7006: Parameter 'builder' implicitly has an 'any' type.
src/features/agent/state/api.ts(7,25): error TS2347: Untyped function calls may not accept type arguments.
src/features/agent/state/api.ts(12,22): error TS7006: Parameter 'result' implicitly has an 'any' type.
src/features/agent/state/api.ts(15,32): error TS7031: Binding element 'manifest' implicitly has an 'any' type.
src/features/agent/ui/AgentChatHistoryDialog.tsx(43,18): error TS7006: Parameter 'a' implicitly has an 'any' type.
src/features/agent/ui/AgentSettings.tsx(234,28): error TS7006: Parameter 'agent' implicitly has an 'any' type.
src/features/chat/hooks/useAgentMention.ts(90,8): error TS7006: Parameter 'agent' implicitly has an 'any' type.
src/features/chat/hooks/useChatInput.ts(2,48): error TS2307: Cannot find module '@/store/hooks' or its corresponding type declarations.
src/features/chat/hooks/useChatInput.ts(27,33): error TS7006: Parameter 'state' implicitly has an 'any' type.
src/features/chat/hooks/useChatInput.ts(29,6): error TS7006: Parameter 'state' implicitly has an 'any' type.
src/features/chat/hooks/useChatInput.ts(32,6): error TS7006: Parameter 'state' implicitly has an 'any' type.
src/features/chat/hooks/useChatInput.ts(34,37): error TS7006: Parameter 'state' implicitly has an 'any' type.
src/features/chat/hooks/useChatInput.ts(36,6): error TS7006: Parameter 'state' implicitly has an 'any' type.
src/features/chat/hooks/useChatInput.ts(39,6): error TS7006: Parameter 'state' implicitly has an 'any' type.
src/features/chat/hooks/useChats.ts(3,48): error TS2307: Cannot find module '@/store/hooks' or its corresponding type declarations.
src/features/chat/hooks/useChats.ts(16,40): error TS2307: Cannot find module '@/store/slices/notificationSlice' or its corresponding type declarations.
src/features/chat/hooks/useChats.ts(28,6): error TS7006: Parameter 'state' implicitly has an 'any' type.
src/features/chat/hooks/useChats.ts(36,42): error TS7006: Parameter 'state' implicitly has an 'any' type.
src/features/chat/hooks/useChats.ts(38,6): error TS7006: Parameter 'state' implicitly has an 'any' type.
src/features/chat/hooks/useChats.ts(41,6): error TS7006: Parameter 'state' implicitly has an 'any' type.
src/features/chat/hooks/useChats.ts(57,53): error TS7006: Parameter 'result' implicitly has an 'any' type.
src/features/chat/hooks/useChats.ts(115,46): error TS7006: Parameter 'chat' implicitly has an 'any' type.
src/features/chat/hooks/useChatStreaming.ts(3,32): error TS2307: Cannot find module '@/store/hooks' or its corresponding type declarations.
src/features/chat/hooks/useChatStreaming.ts(12,30): error TS2307: Cannot find module '@/store/types' or its corresponding type declarations.
src/features/chat/hooks/useChatStreaming.ts(13,29): error TS2307: Cannot find module '@/store/slices/notificationSlice' or its corresponding type declarations.
src/features/chat/hooks/useChatStreaming.ts(14,38): error TS2307: Cannot find module '@/store/slices/toolPermissionSlice' or its corresponding type declarations.
src/features/chat/hooks/useExportChat.ts(4,30): error TS2307: Cannot find module '@/store/types' or its corresponding type declarations.
src/features/chat/hooks/useMessages.ts(2,48): error TS2307: Cannot find module '@/store/hooks' or its corresponding type declarations.
src/features/chat/hooks/useMessages.ts(10,27): error TS2307: Cannot find module '@/store/slices/notificationSlice' or its corresponding type declarations.
src/features/chat/hooks/useMessages.ts(33,6): error TS7006: Parameter 'state' implicitly has an 'any' type.
src/features/chat/hooks/useMessages.ts(36,6): error TS7006: Parameter 'state' implicitly has an 'any' type.
src/features/chat/hooks/useMessages.ts(39,6): error TS7006: Parameter 'state' implicitly has an 'any' type.
src/features/chat/hooks/useMessages.ts(42,6): error TS7006: Parameter 'state' implicitly has an 'any' type.
src/features/chat/hooks/useMessages.ts(45,6): error TS7006: Parameter 'state' implicitly has an 'any' type.
src/features/chat/hooks/useMessages.ts(149,20): error TS7006: Parameter 'm' implicitly has an 'any' type.
src/features/chat/state/messages/helpers/types.ts(6,8): error TS2307: Cannot find module '@/store/types' or its corresponding type declarations.
src/features/chat/state/messagesApi.ts(1,25): error TS2307: Cannot find module '@/store/api/baseApi' or its corresponding type declarations.
src/features/chat/state/messagesApi.ts(19,15): error TS7006: Parameter 'builder' implicitly has an 'any' type.
src/features/chat/state/messagesApi.ts(20,18): error TS2347: Untyped function calls may not accept type arguments.
src/features/chat/state/messagesApi.ts(21,15): error TS7006: Parameter 'chatId' implicitly has an 'any' type.
src/features/chat/state/messagesApi.ts(53,22): error TS7006: Parameter '_result' implicitly has an 'any' type.
src/features/chat/state/messagesApi.ts(53,31): error TS7006: Parameter '_error' implicitly has an 'any' type.
src/features/chat/state/messagesApi.ts(53,39): error TS7006: Parameter 'chatId' implicitly has an 'any' type.
src/features/chat/state/messagesApi.ts(57,18): error TS2347: Untyped function calls may not accept type arguments.
src/features/chat/state/messagesApi.ts(66,15): error TS7006: Parameter 'body' implicitly has an 'any' type.
src/features/chat/state/messagesApi.ts(73,20): error TS2347: Untyped function calls may not accept type arguments.
src/features/chat/state/messagesApi.ts(85,15): error TS7006: Parameter 'body' implicitly has an 'any' type.
src/features/chat/state/messagesApi.ts(89,25): error TS7006: Parameter '_result' implicitly has an 'any' type.
src/features/chat/state/messagesApi.ts(89,34): error TS7006: Parameter '_error' implicitly has an 'any' type.
src/features/chat/state/messagesApi.ts(89,44): error TS7031: Binding element 'chatId' implicitly has an 'any' type.
src/features/chat/state/messagesApi.ts(93,20): error TS2347: Untyped function calls may not accept type arguments.
src/features/chat/state/messagesApi.ts(102,15): error TS7006: Parameter 'body' implicitly has an 'any' type.
src/features/chat/ui/chat/AgentCard.tsx(28,18): error TS7006: Parameter 'a' implicitly has an 'any' type.
src/features/chat/ui/chat/ChatArea.tsx(6,48): error TS2307: Cannot find module '@/store/hooks' or its corresponding type declarations.
src/features/chat/ui/chat/ChatArea.tsx(12,27): error TS2307: Cannot find module '@/store/slices/notificationSlice' or its corresponding type declarations.
src/features/chat/ui/chat/ChatArea.tsx(13,47): error TS2307: Cannot find module '@/store/slices/uiSlice' or its corresponding type declarations.
src/features/chat/ui/chat/ChatArea.tsx(25,42): error TS7006: Parameter 'state' implicitly has an 'any' type.
src/features/chat/ui/chat/ChatArea.tsx(29,6): error TS7006: Parameter 'state' implicitly has an 'any' type.
src/features/chat/ui/chat/ChatArea.tsx(32,6): error TS7006: Parameter 'state' implicitly has an 'any' type.
src/features/chat/ui/chat/ChatArea.tsx(35,6): error TS7006: Parameter 'state' implicitly has an 'any' type.
src/features/chat/ui/chat/ChatArea.tsx(43,33): error TS7006: Parameter 'state' implicitly has an 'any' type.
src/features/chat/ui/chat/ChatArea.tsx(45,6): error TS7006: Parameter 'state' implicitly has an 'any' type.
src/features/chat/ui/chat/ChatArea.tsx(48,6): error TS7006: Parameter 'state' implicitly has an 'any' type.
src/features/chat/ui/chat/ChatArea.tsx(93,8): error TS7006: Parameter 'conn' implicitly has an 'any' type.
src/features/chat/ui/chat/ChatInput.tsx(28,48): error TS2307: Cannot find module '@/store/hooks' or its corresponding type declarations.
src/features/chat/ui/chat/ChatInput.tsx(30,27): error TS2307: Cannot find module '@/store/slices/notificationSlice' or its corresponding type declarations.
src/features/chat/ui/chat/ChatInput.tsx(41,45): error TS2307: Cannot find module '@/store/types' or its corresponding type declarations.
src/features/chat/ui/chat/ChatInput.tsx(100,45): error TS7006: Parameter 'state' implicitly has an 'any' type.
src/features/chat/ui/chat/ChatInput.tsx(120,10): error TS7006: Parameter 'conn' implicitly has an 'any' type.
src/features/chat/ui/chat/ChatInput.tsx(123,46): error TS7006: Parameter 't' implicitly has an 'any' type.
src/features/chat/ui/chat/ChatInput.tsx(235,28): error TS7006: Parameter 'conn' implicitly has an 'any' type.
src/features/chat/ui/chat/ChatInput.tsx(239,29): error TS7006: Parameter 'm' implicitly has an 'any' type.
src/features/chat/ui/chat/ChatInput.tsx(362,44): error TS7006: Parameter '_' implicitly has an 'any' type.
src/features/chat/ui/chat/ChatInput.tsx(362,47): error TS7006: Parameter 'i' implicitly has an 'any' type.
src/features/chat/ui/chat/ChatInput.tsx(537,37): error TS7006: Parameter 'file' implicitly has an 'any' type.
src/features/chat/ui/chat/ChatInput.tsx(537,43): error TS7006: Parameter 'index' implicitly has an 'any' type.
src/features/chat/ui/chat/ChatInput.tsx(782,44): error TS7006: Parameter 'model' implicitly has an 'any' type.
src/features/chat/ui/chat/ChatMessages.tsx(6,48): error TS2307: Cannot find module '@/store/hooks' or its corresponding type declarations.
src/features/chat/ui/chat/ChatMessages.tsx(8,41): error TS2307: Cannot find module '@/store/slices/toolPermissionSlice' or its corresponding type declarations.
src/features/chat/ui/chat/ChatMessages.tsx(10,27): error TS2307: Cannot find module '@/store/slices/notificationSlice' or its corresponding type declarations.
src/features/chat/ui/chat/ChatMessages.tsx(11,47): error TS2307: Cannot find module '@/store/slices/uiSlice' or its corresponding type declarations.
src/features/chat/ui/chat/ChatMessages.tsx(40,42): error TS7006: Parameter 'state' implicitly has an 'any' type.
src/features/chat/ui/chat/ChatMessages.tsx(42,6): error TS7006: Parameter 'state' implicitly has an 'any' type.
src/features/chat/ui/chat/ChatMessages.tsx(109,15): error TS18046: 'req' is of type 'unknown'.
src/features/chat/ui/chat/ChatMessages.tsx(110,35): error TS18046: 'req' is of type 'unknown'.
src/features/chat/ui/chat/ChatMessages.tsx(112,25): error TS18046: 'req' is of type 'unknown'.
src/features/chat/ui/chat/ChatMessages.tsx(117,49): error TS18046: 'req' is of type 'unknown'.
src/features/chat/ui/chat/ChatMessages.tsx(119,48): error TS18046: 'req' is of type 'unknown'.
src/features/chat/ui/chat/ChatMessages.tsx(122,15): error TS18046: 'req' is of type 'unknown'.
src/features/chat/ui/chat/ChatMessages.tsx(122,38): error TS7006: Parameter 'tc' implicitly has an 'any' type.
src/features/chat/ui/chat/ChatMessages.tsx(123,41): error TS18046: 'req' is of type 'unknown'.
src/features/chat/ui/chat/MessageList.tsx(3,40): error TS2307: Cannot find module '@/store/slices/toolPermissionSlice' or its corresponding type declarations.
src/features/chat/ui/chat/MessageList.tsx(322,40): error TS7006: Parameter 'tc' implicitly has an 'any' type.
src/features/chat/ui/ChatLayout.tsx(2,32): error TS2307: Cannot find module '@/store/hooks' or its corresponding type declarations.
src/features/chat/ui/ChatLayout.tsx(12,6): error TS7006: Parameter 'state' implicitly has an 'any' type.
src/features/chat/ui/ChatScreen.tsx(3,28): error TS2307: Cannot find module '@/ui/layouts/ChatLayout' or its corresponding type declarations.
src/features/chat/ui/ChatSearchDialog.tsx(14,48): error TS2307: Cannot find module '@/store/hooks' or its corresponding type declarations.
src/features/chat/ui/ChatSearchDialog.tsx(29,38): error TS7006: Parameter 'state' implicitly has an 'any' type.
src/features/chat/ui/ChatSearchDialog.tsx(30,39): error TS7006: Parameter 'state' implicitly has an 'any' type.
src/features/chat/ui/ChatSearchDialog.tsx(32,6): error TS7006: Parameter 'state' implicitly has an 'any' type.
src/features/chat/ui/ChatSearchDialog.tsx(51,16): error TS7006: Parameter 'chat' implicitly has an 'any' type.
src/features/chat/ui/ChatSearchDialog.tsx(53,10): error TS7006: Parameter 'chat' implicitly has an 'any' type.
src/features/chat/ui/ChatSearchDialog.tsx(132,39): error TS7006: Parameter 'chat' implicitly has an 'any' type.
src/features/chat/ui/ChatSearchDialog.tsx(132,45): error TS7006: Parameter 'index' implicitly has an 'any' type.
src/features/chat/ui/ChatSidebar.tsx(37,30): error TS2307: Cannot find module '@/store/types' or its corresponding type declarations.
src/features/chat/ui/ChatSidebar.tsx(41,32): error TS2307: Cannot find module '@/store/hooks' or its corresponding type declarations.
src/features/chat/ui/ChatSidebar.tsx(42,45): error TS2307: Cannot find module '@/store/slices/uiSlice' or its corresponding type declarations.
src/features/chat/ui/ChatSidebar.tsx(83,30): error TS7006: Parameter 'c' implicitly has an 'any' type.
src/features/chat/ui/ChatSidebar.tsx(185,26): error TS7006: Parameter 'chat' implicitly has an 'any' type.
src/features/chat/ui/ChatSidebar.tsx(186,23): error TS7006: Parameter 'chat' implicitly has an 'any' type.
src/features/chat/ui/ChatSidebar.tsx(366,28): error TS7006: Parameter 'c' implicitly has an 'any' type.
src/features/chat/ui/ChatSidebar.tsx(369,32): error TS7006: Parameter 'c' implicitly has an 'any' type.
src/features/llm/state/api.ts(1,25): error TS2307: Cannot find module '@/store/api/baseApi' or its corresponding type declarations.
src/features/llm/state/api.ts(54,15): error TS7006: Parameter 'builder' implicitly has an 'any' type.
src/features/llm/state/api.ts(55,24): error TS2347: Untyped function calls may not accept type arguments.
src/features/llm/state/api.ts(61,22): error TS7006: Parameter 'result' implicitly has an 'any' type.
src/features/llm/state/api.ts(64,32): error TS7031: Binding element 'id' implicitly has an 'any' type.
src/features/llm/state/api.ts(72,26): error TS2347: Untyped function calls may not accept type arguments.
src/features/llm/state/api.ts(76,15): error TS7006: Parameter 'connection' implicitly has an 'any' type.
src/features/llm/state/api.ts(97,26): error TS2347: Untyped function calls may not accept type arguments.
src/features/llm/state/api.ts(101,17): error TS7031: Binding element 'id' implicitly has an 'any' type.
src/features/llm/state/api.ts(101,21): error TS7031: Binding element 'connection' implicitly has an 'any' type.
src/features/llm/state/api.ts(119,25): error TS7006: Parameter '_result' implicitly has an 'any' type.
src/features/llm/state/api.ts(119,34): error TS7006: Parameter '_error' implicitly has an 'any' type.
src/features/llm/state/api.ts(119,44): error TS7031: Binding element 'id' implicitly has an 'any' type.
src/features/llm/state/api.ts(124,26): error TS2347: Untyped function calls may not accept type arguments.
src/features/llm/state/api.ts(125,15): error TS7006: Parameter 'id' implicitly has an 'any' type.
src/features/llm/state/api.ts(129,25): error TS7006: Parameter '_result' implicitly has an 'any' type.
src/features/llm/state/api.ts(129,34): error TS7006: Parameter '_error' implicitly has an 'any' type.
src/features/llm/state/api.ts(129,42): error TS7006: Parameter 'id' implicitly has an 'any' type.
src/features/llm/ui/LLMConnections.tsx(32,32): error TS2307: Cannot find module '@/store/hooks' or its corresponding type declarations.
src/features/llm/ui/LLMConnections.tsx(41,32): error TS2307: Cannot find module '@/store/slices/uiSlice' or its corresponding type declarations.
src/features/llm/ui/LLMConnections.tsx(42,40): error TS2307: Cannot find module '@/store/slices/notificationSlice' or its corresponding type declarations.
src/features/llm/ui/LLMConnections.tsx(146,34): error TS7006: Parameter 'connection' implicitly has an 'any' type.
src/features/llm/ui/LLMConnections.tsx(176,59): error TS7006: Parameter 'model' implicitly has an 'any' type.
src/features/llm/ui/LLMConnections.tsx(221,32): error TS7006: Parameter 'c' implicitly has an 'any' type.
src/features/mcp/state/api.ts(1,25): error TS2307: Cannot find module '@/store/api/baseApi' or its corresponding type declarations.
src/features/mcp/state/api.ts(51,15): error TS7006: Parameter 'builder' implicitly has an 'any' type.
src/features/mcp/state/api.ts(52,24): error TS2347: Untyped function calls may not accept type arguments.
src/features/mcp/state/api.ts(58,22): error TS7006: Parameter 'result' implicitly has an 'any' type.
src/features/mcp/state/api.ts(61,32): error TS7031: Binding element 'id' implicitly has an 'any' type.
src/features/mcp/state/api.ts(70,26): error TS2347: Untyped function calls may not accept type arguments.
src/features/mcp/state/api.ts(74,23): error TS7006: Parameter 'connection' implicitly has an 'any' type.
src/features/mcp/state/api.ts(114,27): error TS2347: Untyped function calls may not accept type arguments.
src/features/mcp/state/api.ts(124,23): error TS7006: Parameter 'params' implicitly has an 'any' type.
src/features/mcp/state/api.ts(178,25): error TS7006: Parameter '_result' implicitly has an 'any' type.
src/features/mcp/state/api.ts(178,34): error TS7006: Parameter '_error' implicitly has an 'any' type.
src/features/mcp/state/api.ts(178,44): error TS7031: Binding element 'id' implicitly has an 'any' type.
src/features/mcp/state/api.ts(184,30): error TS2347: Untyped function calls may not accept type arguments.
src/features/mcp/state/api.ts(185,23): error TS7006: Parameter 'id' implicitly has an 'any' type.
src/features/mcp/state/api.ts(200,25): error TS7006: Parameter '_result' implicitly has an 'any' type.
src/features/mcp/state/api.ts(200,34): error TS7006: Parameter '_error' implicitly has an 'any' type.
src/features/mcp/state/api.ts(200,42): error TS7006: Parameter 'id' implicitly has an 'any' type.
src/features/mcp/state/api.ts(206,26): error TS2347: Untyped function calls may not accept type arguments.
src/features/mcp/state/api.ts(210,25): error TS7031: Binding element 'id' implicitly has an 'any' type.
src/features/mcp/state/api.ts(210,29): error TS7031: Binding element 'connection' implicitly has an 'any' type.
src/features/mcp/state/api.ts(243,25): error TS7006: Parameter '_result' implicitly has an 'any' type.
src/features/mcp/state/api.ts(243,34): error TS7006: Parameter '_error' implicitly has an 'any' type.
src/features/mcp/state/api.ts(243,44): error TS7031: Binding element 'id' implicitly has an 'any' type.
src/features/mcp/state/api.ts(249,26): error TS2347: Untyped function calls may not accept type arguments.
src/features/mcp/state/api.ts(250,15): error TS7006: Parameter 'id' implicitly has an 'any' type.
src/features/mcp/state/api.ts(254,25): error TS7006: Parameter '_result' implicitly has an 'any' type.
src/features/mcp/state/api.ts(254,34): error TS7006: Parameter '_error' implicitly has an 'any' type.
src/features/mcp/state/api.ts(254,42): error TS7006: Parameter 'id' implicitly has an 'any' type.
src/features/mcp/ui/MCPServerConnections.tsx(32,32): error TS2307: Cannot find module '@/store/hooks' or its corresponding type declarations.
src/features/mcp/ui/MCPServerConnections.tsx(41,32): error TS2307: Cannot find module '@/store/slices/uiSlice' or its corresponding type declarations.
src/features/mcp/ui/MCPServerConnections.tsx(42,40): error TS2307: Cannot find module '@/store/slices/notificationSlice' or its corresponding type declarations.
src/features/mcp/ui/MCPServerConnections.tsx(201,21): error TS7006: Parameter 'error' implicitly has an 'any' type.
src/features/mcp/ui/MCPServerConnections.tsx(228,19): error TS7006: Parameter 'error' implicitly has an 'any' type.
src/features/mcp/ui/MCPServerConnections.tsx(266,34): error TS7006: Parameter 'connection' implicitly has an 'any' type.
src/features/mcp/ui/MCPServerConnections.tsx(389,32): error TS7006: Parameter 'c' implicitly has an 'any' type.
src/features/onboarding/ui/WelcomeScreen.tsx(19,32): error TS2307: Cannot find module '@/store/hooks' or its corresponding type declarations.
src/features/onboarding/ui/WelcomeScreen.tsx(25,8): error TS2307: Cannot find module '@/store/slices/uiSlice' or its corresponding type declarations.
src/features/settings/state/api.ts(1,25): error TS2307: Cannot find module '@/store/api/baseApi' or its corresponding type declarations.
src/features/settings/state/api.ts(5,15): error TS7006: Parameter 'builder' implicitly has an 'any' type.
src/features/settings/state/api.ts(6,20): error TS2347: Untyped function calls may not accept type arguments.
src/features/settings/state/api.ts(7,15): error TS7006: Parameter 'key' implicitly has an 'any' type.
src/features/settings/state/api.ts(12,21): error TS2347: Untyped function calls may not accept type arguments.
src/features/settings/state/api.ts(13,17): error TS7031: Binding element 'key' implicitly has an 'any' type.
src/features/settings/state/api.ts(13,22): error TS7031: Binding element 'value' implicitly has an 'any' type.
src/features/settings/ui/AppSettings.tsx(12,32): error TS2307: Cannot find module '@/store/hooks' or its corresponding type declarations.
src/features/settings/ui/AppSettings.tsx(13,32): error TS2307: Cannot find module '@/store/slices/uiSlice' or its corresponding type declarations.
src/features/settings/ui/PromptManagement.tsx(19,32): error TS2307: Cannot find module '@/store/hooks' or its corresponding type declarations.
src/features/settings/ui/PromptManagement.tsx(20,32): error TS2307: Cannot find module '@/store/slices/uiSlice' or its corresponding type declarations.
src/features/settings/ui/PromptManagement.tsx(21,40): error TS2307: Cannot find module '@/store/slices/notificationSlice' or its corresponding type declarations.
src/features/settings/ui/SettingsLayout.tsx(5,32): error TS2307: Cannot find module '@/store/hooks' or its corresponding type declarations.
src/features/settings/ui/SettingsLayout.tsx(6,32): error TS2307: Cannot find module '@/store/slices/uiSlice' or its corresponding type declarations.
src/features/settings/ui/SettingsScreen.tsx(13,48): error TS2307: Cannot find module '@/store/hooks' or its corresponding type declarations.
src/features/settings/ui/SettingsScreen.tsx(14,36): error TS2307: Cannot find module '@/store/slices/uiSlice' or its corresponding type declarations.
src/features/settings/ui/SettingsScreen.tsx(15,32): error TS2307: Cannot find module '@/ui/layouts/SettingsLayout' or its corresponding type declarations.
src/features/settings/ui/SettingsScreen.tsx(28,43): error TS7006: Parameter 'state' implicitly has an 'any' type.
src/features/shortcuts/ui/KeyboardShortcutsDialog.tsx(11,48): error TS2307: Cannot find module '@/store/hooks' or its corresponding type declarations.
src/features/shortcuts/ui/KeyboardShortcutsDialog.tsx(12,42): error TS2307: Cannot find module '@/store/slices/uiSlice' or its corresponding type declarations.
src/features/shortcuts/ui/KeyboardShortcutsDialog.tsx(19,6): error TS7006: Parameter 'state' implicitly has an 'any' type.
src/features/usage/hooks/useUsage.ts(3,32): error TS2307: Cannot find module '@/store/hooks' or its corresponding type declarations.
src/features/usage/hooks/useUsage.ts(4,40): error TS2307: Cannot find module '@/store/slices/notificationSlice' or its corresponding type declarations.
src/features/workspace/hooks/useWorkspaces.ts(3,48): error TS2307: Cannot find module '@/store/hooks' or its corresponding type declarations.
src/features/workspace/hooks/useWorkspaces.ts(13,40): error TS2307: Cannot find module '@/store/slices/notificationSlice' or its corresponding type declarations.
src/features/workspace/hooks/useWorkspaces.ts(47,6): error TS7006: Parameter 'state' implicitly has an 'any' type.
src/features/workspace/hooks/useWorkspaces.ts(50,6): error TS7006: Parameter 'state' implicitly has an 'any' type.
src/features/workspace/hooks/useWorkspaces.ts(72,35): error TS7006: Parameter 'w' implicitly has an 'any' type.
src/features/workspace/hooks/useWorkspaces.ts(118,30): error TS7006: Parameter 'w' implicitly has an 'any' type.
src/features/workspace/hooks/useWorkspaces.ts(246,35): error TS7006: Parameter 'w' implicitly has an 'any' type.
src/features/workspace/hooks/useWorkspaces.ts(272,8): error TS7006: Parameter 'state' implicitly has an 'any' type.
src/features/workspace/state/workspacesApi.ts(1,25): error TS2307: Cannot find module '@/store/api/baseApi' or its corresponding type declarations.
src/features/workspace/state/workspacesApi.ts(12,15): error TS7006: Parameter 'builder' implicitly has an 'any' type.
src/features/workspace/state/workspacesApi.ts(13,20): error TS2347: Untyped function calls may not accept type arguments.
src/features/workspace/state/workspacesApi.ts(23,22): error TS7006: Parameter 'result' implicitly has an 'any' type.
src/features/workspace/state/workspacesApi.ts(26,32): error TS7031: Binding element 'id' implicitly has an 'any' type.
src/features/workspace/state/workspacesApi.ts(31,22): error TS2347: Untyped function calls may not accept type arguments.
src/features/workspace/state/workspacesApi.ts(32,15): error TS7006: Parameter 'name' implicitly has an 'any' type.
src/features/workspace/state/workspacesApi.ts(45,22): error TS2347: Untyped function calls may not accept type arguments.
src/features/workspace/state/workspacesApi.ts(46,25): error TS7031: Binding element 'id' implicitly has an 'any' type.
src/features/workspace/state/workspacesApi.ts(46,29): error TS7031: Binding element 'name' implicitly has an 'any' type.
src/features/workspace/state/workspacesApi.ts(46,37): error TS7006: Parameter '_api' implicitly has an 'any' type.
src/features/workspace/state/workspacesApi.ts(46,43): error TS7006: Parameter '_extraOptions' implicitly has an 'any' type.
src/features/workspace/state/workspacesApi.ts(46,58): error TS7006: Parameter 'baseQuery' implicitly has an 'any' type.
src/features/workspace/state/workspacesApi.ts(54,25): error TS7006: Parameter '_result' implicitly has an 'any' type.
src/features/workspace/state/workspacesApi.ts(54,34): error TS7006: Parameter '_error' implicitly has an 'any' type.
src/features/workspace/state/workspacesApi.ts(54,44): error TS7031: Binding element 'id' implicitly has an 'any' type.
src/features/workspace/state/workspacesApi.ts(59,22): error TS2347: Untyped function calls may not accept type arguments.
src/features/workspace/state/workspacesApi.ts(60,15): error TS7006: Parameter 'id' implicitly has an 'any' type.
src/features/workspace/state/workspacesApi.ts(64,25): error TS7006: Parameter '_result' implicitly has an 'any' type.
src/features/workspace/state/workspacesApi.ts(64,34): error TS7006: Parameter '_error' implicitly has an 'any' type.
src/features/workspace/state/workspacesApi.ts(64,42): error TS7006: Parameter 'id' implicitly has an 'any' type.
src/features/workspace/state/workspaceSettingsApi.ts(1,25): error TS2307: Cannot find module '@/store/api/baseApi' or its corresponding type declarations.
src/features/workspace/state/workspaceSettingsApi.ts(18,15): error TS7006: Parameter 'builder' implicitly has an 'any' type.
src/features/workspace/state/workspaceSettingsApi.ts(19,27): error TS2347: Untyped function calls may not accept type arguments.
src/features/workspace/state/workspaceSettingsApi.ts(24,11): error TS7031: Binding element 'workspaceId' implicitly has an 'any' type.
src/features/workspace/state/workspaceSettingsApi.ts(24,24): error TS7031: Binding element 'workspaceName' implicitly has an 'any' type.
src/features/workspace/state/workspaceSettingsApi.ts(25,9): error TS7006: Parameter '_api' implicitly has an 'any' type.
src/features/workspace/state/workspaceSettingsApi.ts(26,9): error TS7006: Parameter '_extraOptions' implicitly has an 'any' type.
src/features/workspace/state/workspaceSettingsApi.ts(27,9): error TS7006: Parameter 'baseQuery' implicitly has an 'any' type.
src/features/workspace/state/workspaceSettingsApi.ts(81,22): error TS7006: Parameter '_result' implicitly has an 'any' type.
src/features/workspace/state/workspaceSettingsApi.ts(81,31): error TS7006: Parameter '_error' implicitly has an 'any' type.
src/features/workspace/state/workspaceSettingsApi.ts(81,41): error TS7031: Binding element 'workspaceId' implicitly has an 'any' type.
src/features/workspace/state/workspaceSettingsApi.ts(85,28): error TS2347: Untyped function calls may not accept type arguments.
src/features/workspace/state/workspaceSettingsApi.ts(90,11): error TS7031: Binding element 'workspaceId' implicitly has an 'any' type.
src/features/workspace/state/workspaceSettingsApi.ts(90,24): error TS7031: Binding element 'settings' implicitly has an 'any' type.
src/features/workspace/state/workspaceSettingsApi.ts(91,9): error TS7006: Parameter '_api' implicitly has an 'any' type.
src/features/workspace/state/workspaceSettingsApi.ts(92,9): error TS7006: Parameter '_extraOptions' implicitly has an 'any' type.
src/features/workspace/state/workspaceSettingsApi.ts(93,9): error TS7006: Parameter 'baseQuery' implicitly has an 'any' type.
src/features/workspace/state/workspaceSettingsApi.ts(121,25): error TS7006: Parameter '_result' implicitly has an 'any' type.
src/features/workspace/state/workspaceSettingsApi.ts(121,34): error TS7006: Parameter '_error' implicitly has an 'any' type.
src/features/workspace/state/workspaceSettingsApi.ts(121,44): error TS7031: Binding element 'workspaceId' implicitly has an 'any' type.
src/features/workspace/ui/WorkspaceSelector.tsx(67,28): error TS7006: Parameter 'workspace' implicitly has an 'any' type.
src/features/workspace/ui/WorkspaceSettingsForm.tsx(42,65): error TS2307: Cannot find module '@/store/types' or its corresponding type declarations.
src/features/workspace/ui/WorkspaceSettingsForm.tsx(345,32): error TS7006: Parameter 'm' implicitly has an 'any' type.
src/features/workspace/ui/WorkspaceSettingsForm.tsx(617,30): error TS7006: Parameter 'tool' implicitly has an 'any' type.
src/features/workspace/ui/WorkspaceSettingsForm.tsx(637,48): error TS7006: Parameter 'tool' implicitly has an 'any' type.
src/features/workspace/ui/WorkspaceSettingsForm.tsx(644,48): error TS7006: Parameter 'tool' implicitly has an 'any' type.
src/features/workspace/ui/WorkspaceSettingsForm.tsx(742,51): error TS7006: Parameter 'tool' implicitly has an 'any' type.
src/features/workspace/ui/WorkspaceSettingsScreen.tsx(5,48): error TS2307: Cannot find module '@/store/hooks' or its corresponding type declarations.
src/features/workspace/ui/WorkspaceSettingsScreen.tsx(6,32): error TS2307: Cannot find module '@/store/slices/uiSlice' or its corresponding type declarations.
src/features/workspace/ui/WorkspaceSettingsScreen.tsx(20,40): error TS2307: Cannot find module '@/store/slices/notificationSlice' or its corresponding type declarations.
src/features/workspace/ui/WorkspaceSettingsScreen.tsx(40,33): error TS7006: Parameter 'state' implicitly has an 'any' type.
src/features/workspace/ui/WorkspaceSettingsScreen.tsx(48,34): error TS7006: Parameter 'chat' implicitly has an 'any' type.
src/features/workspace/ui/WorkspaceSettingsScreen.tsx(49,24): error TS7006: Parameter 'chatId' implicitly has an 'any' type.
src/features/workspace/ui/WorkspaceSettingsScreen.tsx(53,24): error TS7006: Parameter 'chatId' implicitly has an 'any' type.
src/hooks/use-theme.ts(1,32): error TS2307: Cannot find module '@/store/hooks' or its corresponding type declarations.
src/hooks/use-theme.ts(8,33): error TS7006: Parameter 'state' implicitly has an 'any' type.
src/hooks/useAppSettings.ts(1,48): error TS2307: Cannot find module '@/store/hooks' or its corresponding type declarations.
src/hooks/useAppSettings.ts(7,8): error TS2307: Cannot find module '@/store/slices/uiSlice' or its corresponding type declarations.
src/hooks/useAppSettings.ts(30,36): error TS7006: Parameter 'state' implicitly has an 'any' type.
src/hooks/useAppSettings.ts(31,36): error TS7006: Parameter 'state' implicitly has an 'any' type.
src/hooks/useAppSettings.ts(32,33): error TS7006: Parameter 'state' implicitly has an 'any' type.
src/hooks/useAppSettings.ts(33,35): error TS7006: Parameter 'state' implicitly has an 'any' type.
src/hooks/useKeyboardShortcuts.ts(2,48): error TS2307: Cannot find module '@/store/hooks' or its corresponding type declarations.
src/hooks/useKeyboardShortcuts.ts(10,8): error TS2307: Cannot find module '@/store/slices/uiSlice' or its corresponding type declarations.
src/hooks/useKeyboardShortcuts.ts(26,38): error TS7006: Parameter 'state' implicitly has an 'any' type.
src/hooks/useKeyboardShortcuts.ts(27,37): error TS7006: Parameter 'state' implicitly has an 'any' type.
src/hooks/useKeyboardShortcuts.ts(29,6): error TS7006: Parameter 'state' implicitly has an 'any' type.
src/hooks/useKeyboardShortcuts.ts(31,38): error TS7006: Parameter 'state' implicitly has an 'any' type.
src/hooks/useKeyboardShortcuts.ts(32,39): error TS7006: Parameter 'state' implicitly has an 'any' type.
src/hooks/useMenuEvents.ts(3,32): error TS2307: Cannot find module '@/store/hooks' or its corresponding type declarations.
src/hooks/useMenuEvents.ts(10,8): error TS2307: Cannot find module '@/store/slices/uiSlice' or its corresponding type declarations.
src/hooks/useNotificationListener.tsx(3,48): error TS2307: Cannot find module '@/store/hooks' or its corresponding type declarations.
src/hooks/useNotificationListener.tsx(4,36): error TS2307: Cannot find module '@/store/slices/notificationSlice' or its corresponding type declarations.
src/hooks/useNotificationListener.tsx(19,6): error TS7006: Parameter 'state' implicitly has an 'any' type.
src/hooks/useNotificationListener.tsx(52,28): error TS7006: Parameter 'notification' implicitly has an 'any' type.
src/hooks/useSlashCommand.ts(3,29): error TS2307: Cannot find module '@/store/types' or its corresponding type declarations.
src/lib/code-block-extractor.ts(1,32): error TS2307: Cannot find module '@/store/types' or its corresponding type declarations.
src/lib/tauri.ts(41,29): error TS2307: Cannot find module '@/store' or its corresponding type declarations.
src/lib/tauri.ts(42,27): error TS2307: Cannot find module '@/store/slices/notificationSlice' or its corresponding type declarations.
src/ui/molecules/SlashCommandDropdown.tsx(6,29): error TS2307: Cannot find module '@/store/types' or its corresponding type declarations.
src/ui/organisms/markdown/MarkdownContent.tsx(12,32): error TS2307: Cannot find module '@/store/hooks' or its corresponding type declarations.
src/ui/organisms/markdown/MarkdownContent.tsx(33,6): error TS7006: Parameter 'state' implicitly has an 'any' type.
src/ui/organisms/markdown/MarkdownContent.tsx(38,40): error TS7006: Parameter 'state' implicitly has an 'any' type.
error Command failed with exit code 2.
info Visit https://yarnpkg.com/en/docs/cli/run for documentation about this command.
